----------------Environment Versions----------------
- Python    : 3.7.3 
- PyTorch   : 1.1.0
- TorchVison: 0.3.0
- USE_GPU   : True
----------------------------------------------------
Parallel mode was going ...
Model loading was finished ...
Data loading was finished ...
epoch : [ 1|10], iter :  500|1583, dloss : 0.0040, gloss : 0.0568
epoch : [ 1|10], iter : 1000|1583, dloss : 0.0020, gloss : 0.0284
epoch : [ 1|10], iter : 1500|1583, dloss : 0.0013, gloss : 0.0189
Single epoch cost time : 1.60 mins
****************new SOTA was found****************
epoch : [ 2|10], iter :  500|1583, dloss : 0.0010, gloss : 0.0136
epoch : [ 2|10], iter : 1000|1583, dloss : 0.0008, gloss : 0.0110
epoch : [ 2|10], iter : 1500|1583, dloss : 0.0007, gloss : 0.0092
Single epoch cost time : 1.52 mins
****************new SOTA was found****************
epoch : [ 3|10], iter :  500|1583, dloss : 0.0005, gloss : 0.0077
epoch : [ 3|10], iter : 1000|1583, dloss : 0.0005, gloss : 0.0068
epoch : [ 3|10], iter : 1500|1583, dloss : 0.0004, gloss : 0.0061
Single epoch cost time : 1.52 mins
****************new SOTA was found****************
epoch : [ 4|10], iter :  500|1583, dloss : 0.0004, gloss : 0.0054
epoch : [ 4|10], iter : 1000|1583, dloss : 0.0004, gloss : 0.0049
epoch : [ 4|10], iter : 1500|1583, dloss : 0.0003, gloss : 0.0045
Single epoch cost time : 1.52 mins
****************new SOTA was found****************
epoch : [ 5|10], iter :  500|1583, dloss : 0.0003, gloss : 0.0042
epoch : [ 5|10], iter : 1000|1583, dloss : 0.0003, gloss : 0.0039
epoch : [ 5|10], iter : 1500|1583, dloss : 0.0003, gloss : 0.0036
Single epoch cost time : 1.52 mins
****************new SOTA was found****************
epoch : [ 6|10], iter :  500|1583, dloss : 0.0002, gloss : 0.0034
epoch : [ 6|10], iter : 1000|1583, dloss : 0.0002, gloss : 0.0032
epoch : [ 6|10], iter : 1500|1583, dloss : 0.0002, gloss : 0.0030
Single epoch cost time : 1.52 mins
****************new SOTA was found****************
epoch : [ 7|10], iter :  500|1583, dloss : 0.0002, gloss : 0.0028
epoch : [ 7|10], iter : 1000|1583, dloss : 0.0002, gloss : 0.0027
epoch : [ 7|10], iter : 1500|1583, dloss : 0.0002, gloss : 0.0026
Single epoch cost time : 1.52 mins
****************new SOTA was found****************
epoch : [ 8|10], iter :  500|1583, dloss : 0.0002, gloss : 0.0025
epoch : [ 8|10], iter : 1000|1583, dloss : 0.0002, gloss : 0.0024
epoch : [ 8|10], iter : 1500|1583, dloss : 0.0002, gloss : 0.0023
Single epoch cost time : 1.52 mins
****************new SOTA was found****************
epoch : [ 9|10], iter :  500|1583, dloss : 0.0002, gloss : 0.0022
epoch : [ 9|10], iter : 1000|1583, dloss : 0.0001, gloss : 0.0021
epoch : [ 9|10], iter : 1500|1583, dloss : 0.0001, gloss : 0.0020
Single epoch cost time : 1.52 mins
****************new SOTA was found****************
epoch : [10|10], iter :  500|1583, dloss : 0.0001, gloss : 0.0019
epoch : [10|10], iter : 1000|1583, dloss : 0.0001, gloss : 0.0019
epoch : [10|10], iter : 1500|1583, dloss : 0.0001, gloss : 0.0018
Single epoch cost time : 1.52 mins
****************new SOTA was found****************
Traceback (most recent call last):
  File "train.py", line 233, in <module>
    faceu.train_runner()
  File "train.py", line 227, in train_runner
    self._visual_res()
  File "train.py", line 213, in _visual_res
    np.save('fake.npy', self.rescache['fake'])
  File "<__array_function__ internals>", line 6, in save
  File "/opt/conda/lib/python3.7/site-packages/numpy/lib/npyio.py", line 540, in save
    arr = np.asanyarray(arr)
  File "/opt/conda/lib/python3.7/site-packages/numpy/core/_asarray.py", line 138, in asanyarray
    return array(a, dtype, copy=False, order=order, subok=True)
ValueError: only one element tensors can be converted to Python scalars
